nohup: ignoring input

> citrineos-user-ui@0.1.0 dev
> next dev -p 9310 -H 0.0.0.0

▲ Next.js 16.1.6 (Turbopack)
- Local:         http://localhost:9310
- Network:       http://0.0.0.0:9310
- Environments: .env.local

✓ Starting...
✓ Ready in 4.6s
 GET /?id=931bd693-d7a7-4678-bfc4-78cb7df26e56&vscodeBrowserReqId=1770722758283 200 in 4.0s (compile: 3.3s, render: 696ms)
 POST /api/graphql 200 in 1514ms (compile: 399ms, render: 1115ms)
 GET /stations/SIM_250822008C06 200 in 2.3s (compile: 2.2s, render: 67ms)
 POST /api/graphql 200 in 886ms (compile: 23ms, render: 863ms)
 POST /api/graphql 200 in 931ms (compile: 21ms, render: 910ms)
 POST /api/graphql 200 in 193ms (compile: 19ms, render: 174ms)
 POST /api/graphql 200 in 1821ms (compile: 39ms, render: 1782ms)
 POST /api/graphql 200 in 287ms (compile: 44ms, render: 243ms)
 POST /api/graphql 200 in 3.4s (compile: 25ms, render: 3.3s)
 POST /api/graphql 200 in 2.1s (compile: 21ms, render: 2.0s)
 POST /api/graphql 200 in 2.2s (compile: 29ms, render: 2.2s)
 POST /api/graphql 200 in 696ms (compile: 26ms, render: 669ms)
 POST /api/graphql 200 in 1885ms (compile: 58ms, render: 1827ms)
 POST /api/graphql 200 in 618ms (compile: 83ms, render: 535ms)
 POST /api/graphql 200 in 184ms (compile: 55ms, render: 129ms)
 POST /api/graphql 200 in 72ms (compile: 23ms, render: 48ms)
 POST /api/graphql 200 in 482ms (compile: 50ms, render: 432ms)
 POST /api/graphql 200 in 98ms (compile: 64ms, render: 34ms)
 POST /api/graphql 200 in 575ms (compile: 56ms, render: 519ms)
 POST /api/graphql 200 in 678ms (compile: 45ms, render: 632ms)
 POST /api/graphql 200 in 374ms (compile: 49ms, render: 325ms)
 POST /api/graphql 200 in 43ms (compile: 22ms, render: 21ms)
 POST /api/graphql 200 in 155ms (compile: 35ms, render: 121ms)
 POST /api/graphql 200 in 10.6s (compile: 29ms, render: 10.5s)
 POST /api/graphql 200 in 16.3s (compile: 52ms, render: 16.2s)
 POST /api/graphql 200 in 5.7s (compile: 44ms, render: 5.6s)
 POST /api/graphql 200 in 656ms (compile: 54ms, render: 602ms)
 POST /api/graphql 200 in 77ms (compile: 47ms, render: 30ms)
 POST /api/graphql 200 in 188ms (compile: 25ms, render: 163ms)
 POST /api/graphql 200 in 77ms (compile: 39ms, render: 38ms)
 POST /api/graphql 200 in 91ms (compile: 48ms, render: 43ms)
 POST /api/graphql 200 in 59ms (compile: 33ms, render: 26ms)
 POST /api/graphql 200 in 473ms (compile: 46ms, render: 427ms)
 POST /api/graphql 200 in 79ms (compile: 42ms, render: 37ms)
 POST /api/graphql 200 in 1369ms (compile: 69ms, render: 1300ms)
 POST /api/graphql 200 in 78ms (compile: 42ms, render: 36ms)
 POST /api/graphql 200 in 143ms (compile: 33ms, render: 110ms)
 POST /api/graphql 200 in 72ms (compile: 30ms, render: 42ms)
 POST /api/graphql 200 in 65ms (compile: 32ms, render: 33ms)
 POST /api/graphql 200 in 63ms (compile: 26ms, render: 37ms)
 POST /api/graphql 200 in 79ms (compile: 42ms, render: 37ms)
 POST /api/graphql 200 in 48ms (compile: 18ms, render: 30ms)
 POST /api/graphql 200 in 34ms (compile: 15ms, render: 19ms)
 POST /api/graphql 200 in 66ms (compile: 30ms, render: 36ms)
 POST /api/graphql 200 in 63ms (compile: 29ms, render: 35ms)
 POST /api/graphql 200 in 94ms (compile: 51ms, render: 43ms)
 POST /api/graphql 200 in 97ms (compile: 48ms, render: 49ms)
 POST /api/graphql 200 in 49ms (compile: 26ms, render: 23ms)
 POST /api/graphql 200 in 56ms (compile: 20ms, render: 36ms)
 POST /api/graphql 200 in 93ms (compile: 61ms, render: 32ms)
 POST /api/graphql 200 in 87ms (compile: 45ms, render: 42ms)
 POST /api/graphql 200 in 104ms (compile: 41ms, render: 63ms)
 POST /api/graphql 200 in 110ms (compile: 49ms, render: 62ms)
 POST /api/graphql 200 in 75ms (compile: 42ms, render: 33ms)
 POST /api/graphql 200 in 90ms (compile: 50ms, render: 40ms)
 POST /api/graphql 200 in 49ms (compile: 22ms, render: 28ms)
 POST /api/graphql 200 in 70ms (compile: 35ms, render: 34ms)
 POST /api/graphql 200 in 71ms (compile: 47ms, render: 24ms)
 POST /api/graphql 200 in 71ms (compile: 46ms, render: 25ms)
 POST /api/graphql 200 in 76ms (compile: 47ms, render: 29ms)
 POST /api/graphql 200 in 43ms (compile: 17ms, render: 26ms)
 POST /api/graphql 200 in 79ms (compile: 43ms, render: 36ms)
 POST /api/graphql 200 in 78ms (compile: 43ms, render: 36ms)
 POST /api/graphql 200 in 65ms (compile: 40ms, render: 25ms)
 POST /api/graphql 200 in 82ms (compile: 46ms, render: 36ms)
 POST /api/graphql 200 in 66ms (compile: 38ms, render: 28ms)
 POST /api/graphql 200 in 78ms (compile: 52ms, render: 26ms)
 POST /api/graphql 200 in 38ms (compile: 20ms, render: 19ms)
 POST /api/graphql 200 in 49ms (compile: 24ms, render: 25ms)
 POST /api/graphql 200 in 68ms (compile: 31ms, render: 37ms)
 POST /api/graphql 200 in 75ms (compile: 40ms, render: 35ms)
 POST /api/graphql 200 in 93ms (compile: 52ms, render: 41ms)
 POST /api/graphql 200 in 88ms (compile: 41ms, render: 47ms)
 POST /api/graphql 200 in 124ms (compile: 52ms, render: 73ms)
 POST /api/graphql 200 in 91ms (compile: 49ms, render: 41ms)
 POST /api/graphql 200 in 100ms (compile: 52ms, render: 48ms)
 POST /api/graphql 200 in 91ms (compile: 47ms, render: 44ms)
 POST /api/graphql 200 in 92ms (compile: 49ms, render: 43ms)
 POST /api/graphql 200 in 76ms (compile: 40ms, render: 36ms)
 POST /api/graphql 200 in 64ms (compile: 37ms, render: 27ms)
 POST /api/graphql 200 in 39ms (compile: 20ms, render: 19ms)
